Problem:    model_base
Rows:       72
Columns:    1000
Non-zeros:  3000
Status:     OPTIMAL
Objective:  cost = 900407 (MINimum)

   No.   Row name   St   Activity     Lower bound   Upper bound    Marginal
------ ------------ -- ------------- ------------- ------------- -------------
     1 cost         B         900407                             
     2 satify[1]    NL            82            82                         217 
     3 satify[2]    NL           176           176                         266 
     4 satify[3]    NL           198           198                         178 
     5 satify[4]    NL            75            75                         250 
     6 satify[5]    NL            54            54                         229 
     7 satify[6]    NL           150           150                         278 
     8 satify[7]    NL            57            57                         249 
     9 satify[8]    NL           149           149                         223 
    10 satify[9]    NL           193           193                         196 
    11 satify[10]   NL           127           127                         204 
    12 satify[11]   NL           197           197                         363 
    13 satify[12]   NL           132           132                         323 
    14 satify[13]   NL           141           141                         237 
    15 satify[14]   NL            92            92                         295 
    16 satify[15]   NL            75            75                         239 
    17 satify[16]   NL            69            69                         200 
    18 satify[17]   NL           186           186                         206 
    19 satify[18]   NL           175           175                         287 
    20 satify[19]   NL            96            96                         228 
    21 satify[20]   NL           148           148                         206 
    22 satify[21]   NL           162           162                         286 
    23 satify[22]   NL           150           150                         219 
    24 satify[23]   NL           153           153                         237 
    25 satify[24]   NL            68            68                         249 
    26 satify[25]   NL           108           108                         251 
    27 satify[26]   NL           154           154                         238 
    28 satify[27]   NL           155           155                         240 
    29 satify[28]   NL           155           155                         163 
    30 satify[29]   NL            71            71                         141 
    31 satify[30]   NL           170           170                         284 
    32 satify[31]   NL           199           199                         272 
    33 satify[32]   NL           137           137                         209 
    34 satify[33]   NL           108           108                         202 
    35 satify[34]   NL           196           196                         168 
    36 satify[35]   NL            96            96                         261 
    37 satify[36]   NL           173           173                         239 
    38 satify[37]   NL           182           182                         172 
    39 satify[38]   NL            72            72                         204 
    40 satify[39]   NL           130           130                         206 
    41 satify[40]   NL            59            59                         267 
    42 satify[41]   NL           128           128                         224 
    43 satify[42]   NL           115           115                         212 
    44 satify[43]   NL            94            94                         352 
    45 satify[44]   NL           188           188                         118 
    46 satify[45]   NL           148           148                         237 
    47 satify[46]   NL            90            90                         185 
    48 satify[47]   NL           158           158                         174 
    49 satify[48]   NL           101           101                         210 
    50 satify[49]   NL            85            85                         182 
    51 satify[50]   NL            54            54                         200 
    52 stock[1]     NU           254                         254           -99 
    53 stock[2]     NU           394                         394           -96 
    54 stock[3]     NU           254                         254           -92 
    55 stock[4]     NU           343                         343           -99 
    56 stock[5]     NU           318                         318          -161 
    57 stock[6]     NU           253                         253           -55 
    58 stock[7]     NU           298                         298           -83 
    59 stock[8]     NU           315                         315           -68 
    60 stock[9]     NU           307                         307           -61 
    61 stock[10]    NU           323                         323          -169 
    62 stock[11]    NU           328                         328          -109 
    63 stock[12]    NU           268                         268           -97 
    64 stock[13]    B            340                         340 
    65 stock[14]    NU           389                         389           -61 
    66 stock[15]    NU           313                         313           -65 
    67 stock[16]    NU           358                         358           -56 
    68 stock[17]    NU           322                         322          -144 
    69 stock[18]    NU           382                         382           -79 
    70 stock[19]    NU           299                         299          -137 
    71 stock[20]    NU           373                         373           -72 
    72 feasability  B              0            -0               

   No. Column name  St   Activity     Lower bound   Upper bound    Marginal
------ ------------ -- ------------- ------------- ------------- -------------
     1 x[1,1]       NL             0             0                          19 
     2 x[1,2]       NL             0             0                         606 
     3 x[1,3]       NL             0             0                         545 
     4 x[1,4]       NL             0             0                         409 
     5 x[1,5]       NL             0             0                         569 
     6 x[1,6]       NL             0             0                         192 
     7 x[1,7]       NL             0             0                         183 
     8 x[1,8]       B              9             0               
     9 x[1,9]       NL             0             0                          35 
    10 x[1,10]      NL             0             0                          92 
    11 x[1,11]      NL             0             0                         336 
    12 x[1,12]      NL             0             0                         175 
    13 x[1,13]      NL             0             0                         565 
    14 x[1,14]      NL             0             0                         279 
    15 x[1,15]      NL             0             0                         337 
    16 x[1,16]      NL             0             0                          73 
    17 x[1,17]      NL             0             0                         333 
    18 x[1,18]      NL             0             0                         423 
    19 x[1,19]      NL             0             0                         538 
    20 x[1,20]      NL             0             0                         128 
    21 x[1,21]      NL             0             0                         143 
    22 x[1,22]      NL             0             0                         673 
    23 x[1,23]      NL             0             0                          88 
    24 x[1,24]      NL             0             0                         414 
    25 x[1,25]      NL             0             0                         422 
    26 x[1,26]      NL             0             0                         396 
    27 x[1,27]      NL             0             0                         198 
    28 x[1,28]      NL             0             0                         596 
    29 x[1,29]      NL             0             0                         541 
    30 x[1,30]      NL             0             0                         351 
    31 x[1,31]      NL             0             0                         247 
    32 x[1,32]      B            137             0               
    33 x[1,33]      B            108             0               
    34 x[1,34]      NL             0             0                         581 
    35 x[1,35]      NL             0             0                         444 
    36 x[1,36]      NL             0             0                         608 
    37 x[1,37]      NL             0             0                         647 
    38 x[1,38]      NL             0             0                         428 
    39 x[1,39]      NL             0             0                         123 
    40 x[1,40]      NL             0             0                          44 
    41 x[1,41]      NL             0             0                         625 
    42 x[1,42]      NL             0             0                         687 
    43 x[1,43]      NL             0             0                         141 
    44 x[1,44]      NL             0             0                         747 
    45 x[1,45]      NL             0             0                         518 
    46 x[1,46]      NL             0             0                         687 
    47 x[1,47]      NL             0             0                          31 
    48 x[1,48]      NL             0             0                         279 
    49 x[1,49]      NL             0             0                         169 
    50 x[1,50]      NL             0             0                         383 
    51 x[2,1]       NL             0             0                         613 
    52 x[2,2]       NL             0             0                         119 
    53 x[2,3]       NL             0             0                         431 
    54 x[2,4]       NL             0             0                          87 
    55 x[2,5]       B             54             0               
    56 x[2,6]       NL             0             0                         250 
    57 x[2,7]       NL             0             0                         339 
    58 x[2,8]       NL             0             0                          31 
    59 x[2,9]       NL             0             0                         300 
    60 x[2,10]      NL             0             0                         436 
    61 x[2,11]      NL             0             0                         336 
    62 x[2,12]      NL             0             0                         274 
    63 x[2,13]      NL             0             0                         159 
    64 x[2,14]      NL             0             0                         544 
    65 x[2,15]      NL             0             0                         402 
    66 x[2,16]      NL             0             0                         579 
    67 x[2,17]      NL             0             0                         642 
    68 x[2,18]      B            120             0               
    69 x[2,19]      NL             0             0                           2 
    70 x[2,20]      NL             0             0                         501 
    71 x[2,21]      NL             0             0                         238 
    72 x[2,22]      B            112             0               
    73 x[2,23]      NL             0             0                         556 
    74 x[2,24]      NL             0             0                         289 
    75 x[2,25]      NL             0             0                         170 
    76 x[2,26]      B              7             0               
    77 x[2,27]      NL             0             0                         361 
    78 x[2,28]      NL             0             0                          90 
    79 x[2,29]      NL             0             0                         701 
    80 x[2,30]      NL             0             0                          98 
    81 x[2,31]      NL             0             0                         257 
    82 x[2,32]      NL             0             0                         355 
    83 x[2,33]      NL             0             0                         617 
    84 x[2,34]      NL             0             0                         635 
    85 x[2,35]      NL             0             0                         209 
    86 x[2,36]      NL             0             0                         310 
    87 x[2,37]      NL             0             0                         295 
    88 x[2,38]      NL             0             0                         555 
    89 x[2,39]      NL             0             0                         501 
    90 x[2,40]      NL             0             0                         175 
    91 x[2,41]      NL             0             0                         328 
    92 x[2,42]      NL             0             0                         489 
    93 x[2,43]      NL             0             0                          70 
    94 x[2,44]      NL             0             0                         457 
    95 x[2,45]      NL             0             0                         197 
    96 x[2,46]      NL             0             0                         695 
    97 x[2,47]      NL             0             0                          32 
    98 x[2,48]      B            101             0               
    99 x[2,49]      NL             0             0                         454 
   100 x[2,50]      NL             0             0                         316 
   101 x[3,1]       NL             0             0                         130 
   102 x[3,2]       NL             0             0                         465 
   103 x[3,3]       NL             0             0                         368 
   104 x[3,4]       NL             0             0                         187 
   105 x[3,5]       NL             0             0                          51 
   106 x[3,6]       NL             0             0                         369 
   107 x[3,7]       NL             0             0                         620 
   108 x[3,8]       NL             0             0                         554 
   109 x[3,9]       NL             0             0                         407 
   110 x[3,10]      NL             0             0                         205 
   111 x[3,11]      NL             0             0                         463 
   112 x[3,12]      NL             0             0                         362 
   113 x[3,13]      NL             0             0                         131 
   114 x[3,14]      NL             0             0                         519 
   115 x[3,15]      NL             0             0                         420 
   116 x[3,16]      NL             0             0                         623 
   117 x[3,17]      NL             0             0                          31 
   118 x[3,18]      NL             0             0                         536 
   119 x[3,19]      NL             0             0                         332 
   120 x[3,20]      NL             0             0                         202 
   121 x[3,21]      NL             0             0                         160 
   122 x[3,22]      NL             0             0                         383 
   123 x[3,23]      B            126             0               
   124 x[3,24]      NL             0             0                          70 
   125 x[3,25]      NL             0             0                         353 
   126 x[3,26]      NL             0             0                         341 
   127 x[3,27]      NL             0             0                          60 
   128 x[3,28]      NL             0             0                         117 
   129 x[3,29]      NL             0             0                         197 
   130 x[3,30]      NL             0             0                         510 
   131 x[3,31]      NL             0             0                         404 
   132 x[3,32]      NL             0             0                         507 
   133 x[3,33]      NL             0             0                         521 
   134 x[3,34]      NL             0             0                         619 
   135 x[3,35]      NL             0             0                          98 
   136 x[3,36]      NL             0             0                         393 
   137 x[3,37]      NL             0             0                         527 
   138 x[3,38]      NL             0             0                         137 
   139 x[3,39]      NL             0             0                         157 
   140 x[3,40]      NL             0             0                         360 
   141 x[3,41]      B            128             0               
   142 x[3,42]      NL             0             0                         551 
   143 x[3,43]      NL             0             0                         376 
   144 x[3,44]      NL             0             0                         253 
   145 x[3,45]      NL             0             0                         496 
   146 x[3,46]      NL             0             0                         193 
   147 x[3,47]      NL             0             0                         145 
   148 x[3,48]      NL             0             0                         163 
   149 x[3,49]      NL             0             0                         395 
   150 x[3,50]      NL             0             0                         655 
   151 x[4,1]       NL             0             0                         409 
   152 x[4,2]       NL             0             0                         211 
   153 x[4,3]       NL             0             0                         665 
   154 x[4,4]       NL             0             0                         110 
   155 x[4,5]       NL             0             0                         242 
   156 x[4,6]       NL             0             0                          66 
   157 x[4,7]       NL             0             0                         574 
   158 x[4,8]       NL             0             0                         299 
   159 x[4,9]       NL             0             0                         298 
   160 x[4,10]      NL             0             0                         587 
   161 x[4,11]      NL             0             0                          77 
   162 x[4,12]      NL             0             0                         136 
   163 x[4,13]      B            122             0               
   164 x[4,14]      NL             0             0                         472 
   165 x[4,15]      NL             0             0                         249 
   166 x[4,16]      NL             0             0                         440 
   167 x[4,17]      NL             0             0                         360 
   168 x[4,18]      NL             0             0                         552 
   169 x[4,19]      NL             0             0                         436 
   170 x[4,20]      NL             0             0                         488 
   171 x[4,21]      NL             0             0                         378 
   172 x[4,22]      NL             0             0                          34 
   173 x[4,23]      NL             0             0                          79 
   174 x[4,24]      NL             0             0                          97 
   175 x[4,25]      NL             0             0                         124 
   176 x[4,26]      NL             0             0                         456 
   177 x[4,27]      B             51             0               
   178 x[4,28]      NL             0             0                         364 
   179 x[4,29]      NL             0             0                         186 
   180 x[4,30]      B            170             0               
   181 x[4,31]      NL             0             0                         142 
   182 x[4,32]      NL             0             0                         642 
   183 x[4,33]      NL             0             0                          35 
   184 x[4,34]      NL             0             0                         700 
   185 x[4,35]      NL             0             0                         101 
   186 x[4,36]      NL             0             0                         478 
   187 x[4,37]      NL             0             0                         335 
   188 x[4,38]      NL             0             0                         131 
   189 x[4,39]      NL             0             0                         666 
   190 x[4,40]      NL             0             0                         362 
   191 x[4,41]      NL             0             0                         324 
   192 x[4,42]      NL             0             0                         457 
   193 x[4,43]      NL             0             0                         354 
   194 x[4,44]      NL             0             0                         485 
   195 x[4,45]      NL             0             0                         325 
   196 x[4,46]      NL             0             0                         132 
   197 x[4,47]      NL             0             0                         609 
   198 x[4,48]      NL             0             0                         102 
   199 x[4,49]      NL             0             0                          80 
   200 x[4,50]      NL             0             0                         170 
   201 x[5,1]       NL             0             0                         671 
   202 x[5,2]       NL             0             0                         525 
   203 x[5,3]       NL             0             0                         439 
   204 x[5,4]       NL             0             0                         336 
   205 x[5,5]       NL             0             0                         519 
   206 x[5,6]       B            107             0               
   207 x[5,7]       NL             0             0                         554 
   208 x[5,8]       NL             0             0                         144 
   209 x[5,9]       NL             0             0                         166 
   210 x[5,10]      NL             0             0                         685 
   211 x[5,11]      B             56             0               
   212 x[5,12]      NL             0             0                         542 
   213 x[5,13]      NL             0             0                         330 
   214 x[5,14]      NL             0             0                          84 
   215 x[5,15]      NL             0             0                         153 
   216 x[5,16]      NL             0             0                         718 
   217 x[5,17]      NL             0             0                         609 
   218 x[5,18]      NL             0             0                         479 
   219 x[5,19]      NL             0             0                         326 
   220 x[5,20]      NL             0             0                         479 
   221 x[5,21]      NL             0             0                         602 
   222 x[5,22]      NL             0             0                         417 
   223 x[5,23]      NL             0             0                         372 
   224 x[5,24]      NL             0             0                         712 
   225 x[5,25]      NL             0             0                         162 
   226 x[5,26]      NL             0             0                         231 
   227 x[5,27]      NL             0             0                          52 
   228 x[5,28]      NL             0             0                         430 
   229 x[5,29]      NL             0             0                         209 
   230 x[5,30]      NL             0             0                          53 
   231 x[5,31]      NL             0             0                         441 
   232 x[5,32]      NL             0             0                         199 
   233 x[5,33]      NL             0             0                         715 
   234 x[5,34]      NL             0             0                         545 
   235 x[5,35]      B             96             0               
   236 x[5,36]      NL             0             0                         219 
   237 x[5,37]      NL             0             0                         604 
   238 x[5,38]      NL             0             0                         305 
   239 x[5,39]      NL             0             0                         430 
   240 x[5,40]      B             59             0               
   241 x[5,41]      NL             0             0                         294 
   242 x[5,42]      NL             0             0                         674 
   243 x[5,43]      NL             0             0                         570 
   244 x[5,44]      NL             0             0                         711 
   245 x[5,45]      NL             0             0                         218 
   246 x[5,46]      NL             0             0                         403 
   247 x[5,47]      NL             0             0                         276 
   248 x[5,48]      NL             0             0                         210 
   249 x[5,49]      NL             0             0                         260 
   250 x[5,50]      NL             0             0                         703 
   251 x[6,1]       NL             0             0                         460 
   252 x[6,2]       NL             0             0                         147 
   253 x[6,3]       NL             0             0                         380 
   254 x[6,4]       NL             0             0                          92 
   255 x[6,5]       NL             0             0                         153 
   256 x[6,6]       NL             0             0                          31 
   257 x[6,7]       NL             0             0                         391 
   258 x[6,8]       B            140             0               
   259 x[6,9]       NL             0             0                         119 
   260 x[6,10]      NL             0             0                         352 
   261 x[6,11]      NL             0             0                         266 
   262 x[6,12]      NL             0             0                         103 
   263 x[6,13]      NL             0             0                         240 
   264 x[6,14]      NL             0             0                         395 
   265 x[6,15]      NL             0             0                         297 
   266 x[6,16]      B             69             0               
   267 x[6,17]      NL             0             0                         374 
   268 x[6,18]      NL             0             0                         529 
   269 x[6,19]      NL             0             0                         153 
   270 x[6,20]      NL             0             0                         556 
   271 x[6,21]      NL             0             0                         506 
   272 x[6,22]      NL             0             0                         421 
   273 x[6,23]      B             27             0               
   274 x[6,24]      NL             0             0                         433 
   275 x[6,25]      NL             0             0                         273 
   276 x[6,26]      NL             0             0                         352 
   277 x[6,27]      NL             0             0                          21 
   278 x[6,28]      NL             0             0                         369 
   279 x[6,29]      NL             0             0                         341 
   280 x[6,30]      NL             0             0                         273 
   281 x[6,31]      B             17             0               
   282 x[6,32]      NL             0             0                         645 
   283 x[6,33]      NL             0             0                         532 
   284 x[6,34]      NL             0             0                         400 
   285 x[6,35]      NL             0             0                         136 
   286 x[6,36]      NL             0             0                         207 
   287 x[6,37]      NL             0             0                         127 
   288 x[6,38]      NL             0             0                         208 
   289 x[6,39]      NL             0             0                          45 
   290 x[6,40]      NL             0             0                         314 
   291 x[6,41]      NL             0             0                         518 
   292 x[6,42]      NL             0             0                         536 
   293 x[6,43]      NL             0             0                         110 
   294 x[6,44]      NL             0             0                         474 
   295 x[6,45]      NL             0             0                         522 
   296 x[6,46]      NL             0             0                         328 
   297 x[6,47]      NL             0             0                         506 
   298 x[6,48]      NL             0             0                         141 
   299 x[6,49]      NL             0             0                          23 
   300 x[6,50]      NL             0             0                         104 
   301 x[7,1]       NL             0             0                         505 
   302 x[7,2]       NL             0             0                         117 
   303 x[7,3]       NL             0             0                         125 
   304 x[7,4]       NL             0             0                         296 
   305 x[7,5]       NL             0             0                          69 
   306 x[7,6]       NL             0             0                          23 
   307 x[7,7]       B             57             0               
   308 x[7,8]       NL             0             0                         166 
   309 x[7,9]       NL             0             0                         393 
   310 x[7,10]      NL             0             0                         334 
   311 x[7,11]      NL             0             0                          99 
   312 x[7,12]      NL             0             0                         145 
   313 x[7,13]      NL             0             0                           7 
   314 x[7,14]      NL             0             0                          53 
   315 x[7,15]      B             75             0               
   316 x[7,16]      NL             0             0                         225 
   317 x[7,17]      B             51             0               
   318 x[7,18]      NL             0             0                         300 
   319 x[7,19]      NL             0             0                         157 
   320 x[7,20]      NL             0             0                         364 
   321 x[7,21]      NL             0             0                          60 
   322 x[7,22]      NL             0             0                         282 
   323 x[7,23]      NL             0             0                         525 
   324 x[7,24]      NL             0             0                         587 
   325 x[7,25]      NL             0             0                         477 
   326 x[7,26]      NL             0             0                          13 
   327 x[7,27]      NL             0             0                         552 
   328 x[7,28]      NL             0             0                         172 
   329 x[7,29]      NL             0             0                         210 
   330 x[7,30]      NL             0             0                          17 
   331 x[7,31]      NL             0             0                         286 
   332 x[7,32]      NL             0             0                         124 
   333 x[7,33]      NL             0             0                         640 
   334 x[7,34]      NL             0             0                         278 
   335 x[7,35]      NL             0             0                         229 
   336 x[7,36]      NL             0             0                         501 
   337 x[7,37]      NL             0             0                         433 
   338 x[7,38]      NL             0             0                          38 
   339 x[7,39]      NL             0             0                         233 
   340 x[7,40]      NL             0             0                         225 
   341 x[7,41]      NL             0             0                         335 
   342 x[7,42]      B            115             0               
   343 x[7,43]      NL             0             0                         216 
   344 x[7,44]      NL             0             0                         491 
   345 x[7,45]      NL             0             0                         538 
   346 x[7,46]      NL             0             0                         311 
   347 x[7,47]      NL             0             0                         138 
   348 x[7,48]      NL             0             0                          58 
   349 x[7,49]      NL             0             0                          77 
   350 x[7,50]      NL             0             0                         373 
   351 x[8,1]       NL             0             0                          72 
   352 x[8,2]       NL             0             0                         417 
   353 x[8,3]       NL             0             0                         259 
   354 x[8,4]       NL             0             0                         208 
   355 x[8,5]       NL             0             0                         596 
   356 x[8,6]       NL             0             0                          54 
   357 x[8,7]       NL             0             0                          70 
   358 x[8,8]       NL             0             0                         365 
   359 x[8,9]       NL             0             0                         193 
   360 x[8,10]      NL             0             0                         226 
   361 x[8,11]      NL             0             0                         168 
   362 x[8,12]      NL             0             0                         259 
   363 x[8,13]      NL             0             0                         122 
   364 x[8,14]      B             92             0               
   365 x[8,15]      NL             0             0                         376 
   366 x[8,16]      NL             0             0                         417 
   367 x[8,17]      B            121             0               
   368 x[8,18]      NL             0             0                         227 
   369 x[8,19]      NL             0             0                         275 
   370 x[8,20]      NL             0             0                         498 
   371 x[8,21]      NL             0             0                         479 
   372 x[8,22]      NL             0             0                         294 
   373 x[8,23]      NL             0             0                         276 
   374 x[8,24]      NL             0             0                          43 
   375 x[8,25]      NL             0             0                          47 
   376 x[8,26]      NL             0             0                          33 
   377 x[8,27]      NL             0             0                         252 
   378 x[8,28]      NL             0             0                         454 
   379 x[8,29]      NL             0             0                         620 
   380 x[8,30]      NL             0             0                          47 
   381 x[8,31]      NL             0             0                         542 
   382 x[8,32]      NL             0             0                         431 
   383 x[8,33]      NL             0             0                         413 
   384 x[8,34]      B            102             0               
   385 x[8,35]      NL             0             0                          22 
   386 x[8,36]      NL             0             0                         145 
   387 x[8,37]      NL             0             0                         299 
   388 x[8,38]      NL             0             0                           1 
   389 x[8,39]      NL             0             0                         386 
   390 x[8,40]      NL             0             0                          87 
   391 x[8,41]      NL             0             0                         130 
   392 x[8,42]      NL             0             0                         459 
   393 x[8,43]      NL             0             0                          65 
   394 x[8,44]      NL             0             0                         103 
   395 x[8,45]      NL             0             0                         351 
   396 x[8,46]      NL             0             0                         485 
   397 x[8,47]      NL             0             0                         115 
   398 x[8,48]      NL             0             0                          35 
   399 x[8,49]      NL             0             0                          60 
   400 x[8,50]      NL             0             0                         254 
   401 x[9,1]       NL             0             0                         466 
   402 x[9,2]       NL             0             0                         388 
   403 x[9,3]       NL             0             0                         232 
   404 x[9,4]       NL             0             0                         342 
   405 x[9,5]       NL             0             0                         487 
   406 x[9,6]       NL             0             0                         515 
   407 x[9,7]       NL             0             0                          99 
   408 x[9,8]       NL             0             0                         112 
   409 x[9,9]       NL             0             0                         354 
   410 x[9,10]      NL             0             0                          59 
   411 x[9,11]      NL             0             0                         240 
   412 x[9,12]      NL             0             0                         147 
   413 x[9,13]      B             19             0               
   414 x[9,14]      NL             0             0                         241 
   415 x[9,15]      NL             0             0                         521 
   416 x[9,16]      NL             0             0                         279 
   417 x[9,17]      B             14             0               
   418 x[9,18]      NL             0             0                         288 
   419 x[9,19]      NL             0             0                          50 
   420 x[9,20]      NL             0             0                         476 
   421 x[9,21]      NL             0             0                         156 
   422 x[9,22]      NL             0             0                          16 
   423 x[9,23]      NL             0             0                          44 
   424 x[9,24]      NL             0             0                         346 
   425 x[9,25]      NL             0             0                         347 
   426 x[9,26]      NL             0             0                         553 
   427 x[9,27]      NL             0             0                         318 
   428 x[9,28]      B            116             0               
   429 x[9,29]      NL             0             0                          45 
   430 x[9,30]      NL             0             0                         445 
   431 x[9,31]      NL             0             0                         374 
   432 x[9,32]      NL             0             0                          29 
   433 x[9,33]      NL             0             0                         581 
   434 x[9,34]      NL             0             0                         287 
   435 x[9,35]      NL             0             0                         367 
   436 x[9,36]      NL             0             0                         302 
   437 x[9,37]      NL             0             0                         547 
   438 x[9,38]      NL             0             0                         649 
   439 x[9,39]      NL             0             0                         419 
   440 x[9,40]      NL             0             0                         174 
   441 x[9,41]      NL             0             0                         290 
   442 x[9,42]      NL             0             0                         158 
   443 x[9,43]      NL             0             0                         330 
   444 x[9,44]      NL             0             0                         349 
   445 x[9,45]      NL             0             0                           3 
   446 x[9,46]      NL             0             0                         273 
   447 x[9,47]      B            158             0               
   448 x[9,48]      NL             0             0                         618 
   449 x[9,49]      NL             0             0                         673 
   450 x[9,50]      NL             0             0                         638 
   451 x[10,1]      NL             0             0                         239 
   452 x[10,2]      NL             0             0                         442 
   453 x[10,3]      NL             0             0                         764 
   454 x[10,4]      NL             0             0                         430 
   455 x[10,5]      NL             0             0                         608 
   456 x[10,6]      NL             0             0                         597 
   457 x[10,7]      NL             0             0                         460 
   458 x[10,8]      NL             0             0                         702 
   459 x[10,9]      NL             0             0                         569 
   460 x[10,10]     NL             0             0                         746 
   461 x[10,11]     B            141             0               
   462 x[10,12]     NL             0             0                         310 
   463 x[10,13]     NL             0             0                         330 
   464 x[10,14]     NL             0             0                         378 
   465 x[10,15]     NL             0             0                         575 
   466 x[10,16]     NL             0             0                         168 
   467 x[10,17]     NL             0             0                         432 
   468 x[10,18]     NL             0             0                          49 
   469 x[10,19]     NL             0             0                         296 
   470 x[10,20]     NL             0             0                         555 
   471 x[10,21]     NL             0             0                         265 
   472 x[10,22]     NL             0             0                         113 
   473 x[10,23]     NL             0             0                         692 
   474 x[10,24]     NL             0             0                         532 
   475 x[10,25]     NL             0             0                         219 
   476 x[10,26]     NL             0             0                         675 
   477 x[10,27]     NL             0             0                         492 
   478 x[10,28]     NL             0             0                         229 
   479 x[10,29]     NL             0             0                         499 
   480 x[10,30]     NL             0             0                         592 
   481 x[10,31]     B            182             0               
   482 x[10,32]     NL             0             0                         369 
   483 x[10,33]     NL             0             0                         603 
   484 x[10,34]     NL             0             0                         609 
   485 x[10,35]     NL             0             0                         364 
   486 x[10,36]     NL             0             0                         378 
   487 x[10,37]     NL             0             0                         301 
   488 x[10,38]     NL             0             0                         621 
   489 x[10,39]     NL             0             0                         425 
   490 x[10,40]     NL             0             0                         175 
   491 x[10,41]     NL             0             0                         423 
   492 x[10,42]     NL             0             0                         203 
   493 x[10,43]     NL             0             0                         490 
   494 x[10,44]     NL             0             0                         583 
   495 x[10,45]     NL             0             0                         464 
   496 x[10,46]     NL             0             0                         364 
   497 x[10,47]     NL             0             0                         119 
   498 x[10,48]     NL             0             0                         608 
   499 x[10,49]     NL             0             0                         366 
   500 x[10,50]     NL             0             0                         365 
   501 x[11,1]      NL             0             0                         356 
   502 x[11,2]      NL             0             0                         158 
   503 x[11,3]      NL             0             0                         218 
   504 x[11,4]      B             75             0               
   505 x[11,5]      NL             0             0                         659 
   506 x[11,6]      B             10             0               
   507 x[11,7]      NL             0             0                         386 
   508 x[11,8]      NL             0             0                         259 
   509 x[11,9]      NL             0             0                         350 
   510 x[11,10]     NL             0             0                          70 
   511 x[11,11]     NL             0             0                         311 
   512 x[11,12]     NL             0             0                         111 
   513 x[11,13]     NL             0             0                          73 
   514 x[11,14]     NL             0             0                         232 
   515 x[11,15]     NL             0             0                         499 
   516 x[11,16]     NL             0             0                         348 
   517 x[11,17]     NL             0             0                         349 
   518 x[11,18]     NL             0             0                         244 
   519 x[11,19]     B             96             0               
   520 x[11,20]     NL             0             0                         272 
   521 x[11,21]     NL             0             0                          46 
   522 x[11,22]     NL             0             0                         297 
   523 x[11,23]     NL             0             0                         359 
   524 x[11,24]     NL             0             0                         464 
   525 x[11,25]     NL             0             0                         212 
   526 x[11,26]     B            147             0               
   527 x[11,27]     NL             0             0                         666 
   528 x[11,28]     NL             0             0                         583 
   529 x[11,29]     NL             0             0                         193 
   530 x[11,30]     NL             0             0                         614 
   531 x[11,31]     NL             0             0                         367 
   532 x[11,32]     NL             0             0                       < eps
   533 x[11,33]     NL             0             0                         591 
   534 x[11,34]     NL             0             0                         210 
   535 x[11,35]     NL             0             0                         385 
   536 x[11,36]     NL             0             0                         607 
   537 x[11,37]     NL             0             0                         276 
   538 x[11,38]     NL             0             0                         336 
   539 x[11,39]     NL             0             0                         300 
   540 x[11,40]     NL             0             0                         304 
   541 x[11,41]     NL             0             0                         139 
   542 x[11,42]     NL             0             0                          63 
   543 x[11,43]     NL             0             0                         350 
   544 x[11,44]     NL             0             0                         180 
   545 x[11,45]     NL             0             0                         197 
   546 x[11,46]     NL             0             0                         213 
   547 x[11,47]     NL             0             0                         607 
   548 x[11,48]     NL             0             0                          26 
   549 x[11,49]     NL             0             0                          99 
   550 x[11,50]     NL             0             0                         351 
   551 x[12,1]      B             82             0               
   552 x[12,2]      NL             0             0                         626 
   553 x[12,3]      NL             0             0                         445 
   554 x[12,4]      NL             0             0                         109 
   555 x[12,5]      NL             0             0                         477 
   556 x[12,6]      NL             0             0                         276 
   557 x[12,7]      NL             0             0                         454 
   558 x[12,8]      NL             0             0                         478 
   559 x[12,9]      NL             0             0                         626 
   560 x[12,10]     NL             0             0                          52 
   561 x[12,11]     NL             0             0                         447 
   562 x[12,12]     NL             0             0                         401 
   563 x[12,13]     NL             0             0                           8 
   564 x[12,14]     NL             0             0                         370 
   565 x[12,15]     NL             0             0                          64 
   566 x[12,16]     NL             0             0                         207 
   567 x[12,17]     NL             0             0                         422 
   568 x[12,18]     NL             0             0                         561 
   569 x[12,19]     NL             0             0                         387 
   570 x[12,20]     B            148             0               
   571 x[12,21]     NL             0             0                         418 
   572 x[12,22]     B             38             0               
   573 x[12,23]     NL             0             0                         212 
   574 x[12,24]     NL             0             0                         240 
   575 x[12,25]     NL             0             0                         385 
   576 x[12,26]     NL             0             0                         273 
   577 x[12,27]     NL             0             0                         483 
   578 x[12,28]     NL             0             0                         353 
   579 x[12,29]     NL             0             0                         615 
   580 x[12,30]     NL             0             0                         414 
   581 x[12,31]     NL             0             0                         254 
   582 x[12,32]     NL             0             0                         299 
   583 x[12,33]     NL             0             0                         164 
   584 x[12,34]     NL             0             0                         672 
   585 x[12,35]     NL             0             0                         435 
   586 x[12,36]     NL             0             0                          24 
   587 x[12,37]     NL             0             0                         547 
   588 x[12,38]     NL             0             0                         149 
   589 x[12,39]     NL             0             0                         397 
   590 x[12,40]     NL             0             0                         320 
   591 x[12,41]     NL             0             0                         426 
   592 x[12,42]     NL             0             0                         637 
   593 x[12,43]     NL             0             0                         246 
   594 x[12,44]     NL             0             0                         441 
   595 x[12,45]     NL             0             0                          23 
   596 x[12,46]     NL             0             0                         564 
   597 x[12,47]     NL             0             0                         140 
   598 x[12,48]     NL             0             0                         604 
   599 x[12,49]     NL             0             0                         463 
   600 x[12,50]     NL             0             0                          95 
   601 x[13,1]      NL             0             0                         370 
   602 x[13,2]      NL             0             0                         520 
   603 x[13,3]      B             81             0               
   604 x[13,4]      NL             0             0                         184 
   605 x[13,5]      NL             0             0                         281 
   606 x[13,6]      NL             0             0                         430 
   607 x[13,7]      NL             0             0                         134 
   608 x[13,8]      NL             0             0                         486 
   609 x[13,9]      NL             0             0                         597 
   610 x[13,10]     NL             0             0                         513 
   611 x[13,11]     NL             0             0                         305 
   612 x[13,12]     NL             0             0                           8 
   613 x[13,13]     NL             0             0                         245 
   614 x[13,14]     NL             0             0                         288 
   615 x[13,15]     NL             0             0                         292 
   616 x[13,16]     NL             0             0                          88 
   617 x[13,17]     NL             0             0                         287 
   618 x[13,18]     NL             0             0                         372 
   619 x[13,19]     NL             0             0                          60 
   620 x[13,20]     NL             0             0                         582 
   621 x[13,21]     NL             0             0                          41 
   622 x[13,22]     NL             0             0                         328 
   623 x[13,23]     NL             0             0                         231 
   624 x[13,24]     NL             0             0                         460 
   625 x[13,25]     NL             0             0                          82 
   626 x[13,26]     NL             0             0                         244 
   627 x[13,27]     NL             0             0                         373 
   628 x[13,28]     NL             0             0                         292 
   629 x[13,29]     B             71             0               
   630 x[13,30]     NL             0             0                         218 
   631 x[13,31]     NL             0             0                         382 
   632 x[13,32]     NL             0             0                         255 
   633 x[13,33]     NL             0             0                         452 
   634 x[13,34]     NL             0             0                         469 
   635 x[13,35]     NL             0             0                         390 
   636 x[13,36]     NL             0             0                         257 
   637 x[13,37]     NL             0             0                          84 
   638 x[13,38]     NL             0             0                         244 
   639 x[13,39]     NL             0             0                         459 
   640 x[13,40]     NL             0             0                         218 
   641 x[13,41]     NL             0             0                         157 
   642 x[13,42]     NL             0             0                         570 
   643 x[13,43]     NL             0             0                          64 
   644 x[13,44]     B            188             0               
   645 x[13,45]     NL             0             0                         267 
   646 x[13,46]     NL             0             0                         248 
   647 x[13,47]     NL             0             0                         193 
   648 x[13,48]     NL             0             0                         148 
   649 x[13,49]     NL             0             0                         604 
   650 x[13,50]     NL             0             0                         327 
   651 x[14,1]      NL             0             0                         468 
   652 x[14,2]      B            176             0               
   653 x[14,3]      NL             0             0                         254 
   654 x[14,4]      NL             0             0                          78 
   655 x[14,5]      NL             0             0                         163 
   656 x[14,6]      NL             0             0                          93 
   657 x[14,7]      NL             0             0                         164 
   658 x[14,8]      NL             0             0                         364 
   659 x[14,9]      NL             0             0                          23 
   660 x[14,10]     NL             0             0                         559 
   661 x[14,11]     NL             0             0                         242 
   662 x[14,12]     NL             0             0                         394 
   663 x[14,13]     NL             0             0                         181 
   664 x[14,14]     NL             0             0                         137 
   665 x[14,15]     NL             0             0                         134 
   666 x[14,16]     NL             0             0                         301 
   667 x[14,17]     NL             0             0                         196 
   668 x[14,18]     B             55             0               
   669 x[14,19]     NL             0             0                         246 
   670 x[14,20]     NL             0             0                         414 
   671 x[14,21]     NL             0             0                          54 
   672 x[14,22]     NL             0             0                         498 
   673 x[14,23]     NL             0             0                          89 
   674 x[14,24]     B             68             0               
   675 x[14,25]     NL             0             0                         419 
   676 x[14,26]     NL             0             0                         555 
   677 x[14,27]     NL             0             0                         393 
   678 x[14,28]     NL             0             0                         171 
   679 x[14,29]     NL             0             0                         282 
   680 x[14,30]     NL             0             0                         141 
   681 x[14,31]     NL             0             0                         295 
   682 x[14,32]     NL             0             0                         128 
   683 x[14,33]     NL             0             0                         625 
   684 x[14,34]     NL             0             0                         489 
   685 x[14,35]     NL             0             0                         465 
   686 x[14,36]     NL             0             0                         266 
   687 x[14,37]     NL             0             0                         327 
   688 x[14,38]     NL             0             0                          41 
   689 x[14,39]     NL             0             0                         653 
   690 x[14,40]     NL             0             0                         125 
   691 x[14,41]     NL             0             0                         617 
   692 x[14,42]     NL             0             0                         441 
   693 x[14,43]     NL             0             0                           9 
   694 x[14,44]     NL             0             0                         326 
   695 x[14,45]     NL             0             0                         246 
   696 x[14,46]     B             90             0               
   697 x[14,47]     NL             0             0                         442 
   698 x[14,48]     NL             0             0                         297 
   699 x[14,49]     NL             0             0                         473 
   700 x[14,50]     NL             0             0                         434 
   701 x[15,1]      NL             0             0                          64 
   702 x[15,2]      NL             0             0                          97 
   703 x[15,3]      NL             0             0                         108 
   704 x[15,4]      NL             0             0                         512 
   705 x[15,5]      NL             0             0                         286 
   706 x[15,6]      NL             0             0                         337 
   707 x[15,7]      NL             0             0                         299 
   708 x[15,8]      NL             0             0                         344 
   709 x[15,9]      NL             0             0                          85 
   710 x[15,10]     NL             0             0                         236 
   711 x[15,11]     NL             0             0                          55 
   712 x[15,12]     NL             0             0                         260 
   713 x[15,13]     NL             0             0                         500 
   714 x[15,14]     NL             0             0                         504 
   715 x[15,15]     NL             0             0                         219 
   716 x[15,16]     NL             0             0                         102 
   717 x[15,17]     NL             0             0                         308 
   718 x[15,18]     NL             0             0                         453 
   719 x[15,19]     NL             0             0                         433 
   720 x[15,20]     NL             0             0                         585 
   721 x[15,21]     NL             0             0                         156 
   722 x[15,22]     NL             0             0                          39 
   723 x[15,23]     NL             0             0                         119 
   724 x[15,24]     NL             0             0                          22 
   725 x[15,25]     B             37             0               
   726 x[15,26]     NL             0             0                         611 
   727 x[15,27]     NL             0             0                         480 
   728 x[15,28]     NL             0             0                         169 
   729 x[15,29]     NL             0             0                         483 
   730 x[15,30]     NL             0             0                         577 
   731 x[15,31]     NL             0             0                         439 
   732 x[15,32]     NL             0             0                         170 
   733 x[15,33]     NL             0             0                         652 
   734 x[15,34]     B             94             0               
   735 x[15,35]     NL             0             0                          99 
   736 x[15,36]     NL             0             0                         161 
   737 x[15,37]     B            182             0               
   738 x[15,38]     NL             0             0                         475 
   739 x[15,39]     NL             0             0                         588 
   740 x[15,40]     NL             0             0                         527 
   741 x[15,41]     NL             0             0                         518 
   742 x[15,42]     NL             0             0                         624 
   743 x[15,43]     NL             0             0                         424 
   744 x[15,44]     NL             0             0                         104 
   745 x[15,45]     NL             0             0                         469 
   746 x[15,46]     NL             0             0                         287 
   747 x[15,47]     NL             0             0                         445 
   748 x[15,48]     NL             0             0                         281 
   749 x[15,49]     NL             0             0                         346 
   750 x[15,50]     NL             0             0                          30 
   751 x[16,1]      NL             0             0                          22 
   752 x[16,2]      NL             0             0                          96 
   753 x[16,3]      NL             0             0                         368 
   754 x[16,4]      NL             0             0                         191 
   755 x[16,5]      NL             0             0                         474 
   756 x[16,6]      NL             0             0                         369 
   757 x[16,7]      NL             0             0                         505 
   758 x[16,8]      NL             0             0                         143 
   759 x[16,9]      B            193             0               
   760 x[16,10]     NL             0             0                         136 
   761 x[16,11]     NL             0             0                          64 
   762 x[16,12]     NL             0             0                          32 
   763 x[16,13]     NL             0             0                         301 
   764 x[16,14]     NL             0             0                         325 
   765 x[16,15]     NL             0             0                         529 
   766 x[16,16]     NL             0             0                         500 
   767 x[16,17]     NL             0             0                         241 
   768 x[16,18]     NL             0             0                         102 
   769 x[16,19]     NL             0             0                         359 
   770 x[16,20]     NL             0             0                         376 
   771 x[16,21]     NL             0             0                         193 
   772 x[16,22]     NL             0             0                         481 
   773 x[16,23]     NL             0             0                         504 
   774 x[16,24]     NL             0             0                         171 
   775 x[16,25]     NL             0             0                         443 
   776 x[16,26]     NL             0             0                         568 
   777 x[16,27]     NL             0             0                         584 
   778 x[16,28]     B             39             0               
   779 x[16,29]     NL             0             0                         295 
   780 x[16,30]     NL             0             0                         288 
   781 x[16,31]     NL             0             0                         159 
   782 x[16,32]     NL             0             0                          82 
   783 x[16,33]     NL             0             0                         438 
   784 x[16,34]     NL             0             0                           8 
   785 x[16,35]     NL             0             0                          59 
   786 x[16,36]     NL             0             0                         270 
   787 x[16,37]     NL             0             0                         328 
   788 x[16,38]     B             72             0               
   789 x[16,39]     NL             0             0                         135 
   790 x[16,40]     NL             0             0                         412 
   791 x[16,41]     NL             0             0                         245 
   792 x[16,42]     NL             0             0                         264 
   793 x[16,43]     NL             0             0                          61 
   794 x[16,44]     NL             0             0                         172 
   795 x[16,45]     NL             0             0                         417 
   796 x[16,46]     NL             0             0                         298 
   797 x[16,47]     NL             0             0                         353 
   798 x[16,48]     NL             0             0                         482 
   799 x[16,49]     NL             0             0                         526 
   800 x[16,50]     B             54             0               
   801 x[17,1]      NL             0             0                         126 
   802 x[17,2]      NL             0             0                         105 
   803 x[17,3]      NL             0             0                         396 
   804 x[17,4]      NL             0             0                         195 
   805 x[17,5]      NL             0             0                          46 
   806 x[17,6]      NL             0             0                         503 
   807 x[17,7]      NL             0             0                         183 
   808 x[17,8]      NL             0             0                         530 
   809 x[17,9]      NL             0             0                          69 
   810 x[17,10]     NL             0             0                         699 
   811 x[17,11]     NL             0             0                         547 
   812 x[17,12]     NL             0             0                         265 
   813 x[17,13]     NL             0             0                         393 
   814 x[17,14]     NL             0             0                         570 
   815 x[17,15]     NL             0             0                         300 
   816 x[17,16]     NL             0             0                         671 
   817 x[17,17]     NL             0             0                         495 
   818 x[17,18]     NL             0             0                         531 
   819 x[17,19]     NL             0             0                         621 
   820 x[17,20]     NL             0             0                         389 
   821 x[17,21]     B            162             0               
   822 x[17,22]     NL             0             0                         183 
   823 x[17,23]     NL             0             0                          83 
   824 x[17,24]     NL             0             0                          46 
   825 x[17,25]     B             66             0               
   826 x[17,26]     NL             0             0                         251 
   827 x[17,27]     NL             0             0                         593 
   828 x[17,28]     NL             0             0                         417 
   829 x[17,29]     NL             0             0                         151 
   830 x[17,30]     NL             0             0                         524 
   831 x[17,31]     NL             0             0                         485 
   832 x[17,32]     NL             0             0                         365 
   833 x[17,33]     NL             0             0                         612 
   834 x[17,34]     NL             0             0                         314 
   835 x[17,35]     NL             0             0                         320 
   836 x[17,36]     NL             0             0                          63 
   837 x[17,37]     NL             0             0                         100 
   838 x[17,38]     NL             0             0                         315 
   839 x[17,39]     NL             0             0                         515 
   840 x[17,40]     NL             0             0                          76 
   841 x[17,41]     NL             0             0                         214 
   842 x[17,42]     NL             0             0                          75 
   843 x[17,43]     B             94             0               
   844 x[17,44]     NL             0             0                         700 
   845 x[17,45]     NL             0             0                         545 
   846 x[17,46]     NL             0             0                         270 
   847 x[17,47]     NL             0             0                         298 
   848 x[17,48]     NL             0             0                         402 
   849 x[17,49]     NL             0             0                         262 
   850 x[17,50]     NL             0             0                         225 
   851 x[18,1]      NL             0             0                         654 
   852 x[18,2]      NL             0             0                         142 
   853 x[18,3]      NL             0             0                         608 
   854 x[18,4]      NL             0             0                         246 
   855 x[18,5]      NL             0             0                         381 
   856 x[18,6]      NL             0             0                           1 
   857 x[18,7]      NL             0             0                         163 
   858 x[18,8]      NL             0             0                         203 
   859 x[18,9]      NL             0             0                         213 
   860 x[18,10]     NL             0             0                          96 
   861 x[18,11]     NL             0             0                         507 
   862 x[18,12]     NL             0             0                         124 
   863 x[18,13]     NL             0             0                         330 
   864 x[18,14]     NL             0             0                         573 
   865 x[18,15]     NL             0             0                         620 
   866 x[18,16]     NL             0             0                         311 
   867 x[18,17]     NL             0             0                         407 
   868 x[18,18]     NL             0             0                          81 
   869 x[18,19]     NL             0             0                         613 
   870 x[18,20]     NL             0             0                         147 
   871 x[18,21]     NL             0             0                         440 
   872 x[18,22]     NL             0             0                         593 
   873 x[18,23]     NL             0             0                         543 
   874 x[18,24]     NL             0             0                         173 
   875 x[18,25]     NL             0             0                         270 
   876 x[18,26]     NL             0             0                         513 
   877 x[18,27]     B            104             0               
   878 x[18,28]     NL             0             0                         355 
   879 x[18,29]     NL             0             0                         206 
   880 x[18,30]     NL             0             0                         563 
   881 x[18,31]     NL             0             0                         455 
   882 x[18,32]     NL             0             0                         208 
   883 x[18,33]     NL             0             0                         217 
   884 x[18,34]     NL             0             0                         684 
   885 x[18,35]     NL             0             0                         277 
   886 x[18,36]     NL             0             0                         576 
   887 x[18,37]     NL             0             0                         242 
   888 x[18,38]     NL             0             0                         151 
   889 x[18,39]     B            130             0               
   890 x[18,40]     NL             0             0                         321 
   891 x[18,41]     NL             0             0                         556 
   892 x[18,42]     NL             0             0                         500 
   893 x[18,43]     NL             0             0                         305 
   894 x[18,44]     NL             0             0                         713 
   895 x[18,45]     B            148             0               
   896 x[18,46]     NL             0             0                         645 
   897 x[18,47]     NL             0             0                         373 
   898 x[18,48]     NL             0             0                         360 
   899 x[18,49]     NL             0             0                         330 
   900 x[18,50]     NL             0             0                         476 
   901 x[19,1]      NL             0             0                          81 
   902 x[19,2]      NL             0             0                         104 
   903 x[19,3]      NL             0             0                         419 
   904 x[19,4]      NL             0             0                         259 
   905 x[19,5]      NL             0             0                         174 
   906 x[19,6]      NL             0             0                           7 
   907 x[19,7]      NL             0             0                         560 
   908 x[19,8]      NL             0             0                         555 
   909 x[19,9]      NL             0             0                         598 
   910 x[19,10]     NL             0             0                         544 
   911 x[19,11]     NL             0             0                         515 
   912 x[19,12]     B            132             0               
   913 x[19,13]     NL             0             0                          92 
   914 x[19,14]     NL             0             0                         343 
   915 x[19,15]     NL             0             0                         422 
   916 x[19,16]     NL             0             0                         659 
   917 x[19,17]     NL             0             0                         573 
   918 x[19,18]     NL             0             0                         537 
   919 x[19,19]     NL             0             0                          10 
   920 x[19,20]     NL             0             0                         431 
   921 x[19,21]     NL             0             0                         629 
   922 x[19,22]     NL             0             0                         380 
   923 x[19,23]     NL             0             0                         483 
   924 x[19,24]     NL             0             0                         298 
   925 x[19,25]     B              5             0               
   926 x[19,26]     NL             0             0                         346 
   927 x[19,27]     NL             0             0                         264 
   928 x[19,28]     NL             0             0                         752 
   929 x[19,29]     NL             0             0                         359 
   930 x[19,30]     NL             0             0                         214 
   931 x[19,31]     NL             0             0                         188 
   932 x[19,32]     NL             0             0                          28 
   933 x[19,33]     NL             0             0                         662 
   934 x[19,34]     NL             0             0                         490 
   935 x[19,35]     NL             0             0                          71 
   936 x[19,36]     B            162             0               
   937 x[19,37]     NL             0             0                          78 
   938 x[19,38]     NL             0             0                         513 
   939 x[19,39]     NL             0             0                         370 
   940 x[19,40]     NL             0             0                         155 
   941 x[19,41]     NL             0             0                         417 
   942 x[19,42]     NL             0             0                         453 
   943 x[19,43]     NL             0             0                          58 
   944 x[19,44]     NL             0             0                         266 
   945 x[19,45]     NL             0             0                         114 
   946 x[19,46]     NL             0             0                         744 
   947 x[19,47]     NL             0             0                         124 
   948 x[19,48]     NL             0             0                         248 
   949 x[19,49]     NL             0             0                         314 
   950 x[19,50]     NL             0             0                         485 
   951 x[20,1]      NL             0             0                         542 
   952 x[20,2]      NL             0             0                         533 
   953 x[20,3]      B            117             0               
   954 x[20,4]      NL             0             0                         353 
   955 x[20,5]      NL             0             0                         454 
   956 x[20,6]      B             33             0               
   957 x[20,7]      NL             0             0                         215 
   958 x[20,8]      NL             0             0                         461 
   959 x[20,9]      NL             0             0                         394 
   960 x[20,10]     B            127             0               
   961 x[20,11]     NL             0             0                         120 
   962 x[20,12]     NL             0             0                         265 
   963 x[20,13]     NL             0             0                         416 
   964 x[20,14]     NL             0             0                          49 
   965 x[20,15]     NL             0             0                         175 
   966 x[20,16]     NL             0             0                         229 
   967 x[20,17]     NL             0             0                         322 
   968 x[20,18]     NL             0             0                         569 
   969 x[20,19]     NL             0             0                         227 
   970 x[20,20]     NL             0             0                         554 
   971 x[20,21]     NL             0             0                         520 
   972 x[20,22]     NL             0             0                         375 
   973 x[20,23]     NL             0             0                         524 
   974 x[20,24]     NL             0             0                         160 
   975 x[20,25]     NL             0             0                         158 
   976 x[20,26]     NL             0             0                         324 
   977 x[20,27]     NL             0             0                         508 
   978 x[20,28]     NL             0             0                         518 
   979 x[20,29]     NL             0             0                         253 
   980 x[20,30]     NL             0             0                         492 
   981 x[20,31]     NL             0             0                          48 
   982 x[20,32]     NL             0             0                         155 
   983 x[20,33]     NL             0             0                          90 
   984 x[20,34]     NL             0             0                         459 
   985 x[20,35]     NL             0             0                         188 
   986 x[20,36]     B             11             0               
   987 x[20,37]     NL             0             0                         500 
   988 x[20,38]     NL             0             0                         136 
   989 x[20,39]     NL             0             0                          35 
   990 x[20,40]     NL             0             0                         437 
   991 x[20,41]     NL             0             0                          84 
   992 x[20,42]     NL             0             0                         315 
   993 x[20,43]     NL             0             0                         314 
   994 x[20,44]     NL             0             0                         455 
   995 x[20,45]     NL             0             0                         625 
   996 x[20,46]     NL             0             0                         417 
   997 x[20,47]     NL             0             0                         432 
   998 x[20,48]     NL             0             0                          45 
   999 x[20,49]     B             85             0               
  1000 x[20,50]     NL             0             0                         380 

Karush-Kuhn-Tucker optimality conditions:

KKT.PE: max.abs.err = 0.00e+00 on row 0
        max.rel.err = 0.00e+00 on row 0
        High quality

KKT.PB: max.abs.err = 0.00e+00 on row 0
        max.rel.err = 0.00e+00 on row 0
        High quality

KKT.DE: max.abs.err = 0.00e+00 on column 0
        max.rel.err = 0.00e+00 on column 0
        High quality

KKT.DB: max.abs.err = 0.00e+00 on row 0
        max.rel.err = 0.00e+00 on row 0
        High quality

End of output
